

============================== 2022-09-01 12:13:20.142814 | aa41ce18-f1d8-4df3-a363-085d74af7ea7 ==============================
12:13:20.142814 [info ] [MainThread]: Running with dbt=1.1.2
12:13:20.142814 [debug] [MainThread]: running dbt with arguments {'write_json': True, 'use_colors': True, 'printer_width': 80, 'version_check': True, 'partial_parse': True, 'static_parser': True, 'profiles_dir': 'C:\\Users\\NandiniBagga\\.dbt', 'send_anonymous_usage_stats': True, 'event_buffer_size': 100000, 'quiet': False, 'no_print': False, 'config_dir': False, 'which': 'debug', 'indirect_selection': 'eager'}
12:13:20.142814 [debug] [MainThread]: Tracking: tracking
12:13:20.143827 [debug] [MainThread]: Sending event: {'category': 'dbt', 'action': 'invocation', 'label': 'start', 'context': [<snowplow_tracker.self_describing_json.SelfDescribingJson object at 0x000002325495F880>, <snowplow_tracker.self_describing_json.SelfDescribingJson object at 0x000002325495FA60>, <snowplow_tracker.self_describing_json.SelfDescribingJson object at 0x000002325495F940>]}
12:13:20.202215 [debug] [MainThread]: Executing "git --help"
12:13:20.214550 [debug] [MainThread]: STDOUT: "b"usage: git [-v | --version] [-h | --help] [-C <path>] [-c <name>=<value>]\n           [--exec-path[=<path>]] [--html-path] [--man-path] [--info-path]\n           [-p | --paginate | -P | --no-pager] [--no-replace-objects] [--bare]\n           [--git-dir=<path>] [--work-tree=<path>] [--namespace=<name>]\n           [--super-prefix=<path>] [--config-env=<name>=<envvar>]\n           <command> [<args>]\n\nThese are common Git commands used in various situations:\n\nstart a working area (see also: git help tutorial)\n   clone     Clone a repository into a new directory\n   init      Create an empty Git repository or reinitialize an existing one\n\nwork on the current change (see also: git help everyday)\n   add       Add file contents to the index\n   mv        Move or rename a file, a directory, or a symlink\n   restore   Restore working tree files\n   rm        Remove files from the working tree and from the index\n\nexamine the history and state (see also: git help revisions)\n   bisect    Use binary search to find the commit that introduced a bug\n   diff      Show changes between commits, commit and working tree, etc\n   grep      Print lines matching a pattern\n   log       Show commit logs\n   show      Show various types of objects\n   status    Show the working tree status\n\ngrow, mark and tweak your common history\n   branch    List, create, or delete branches\n   commit    Record changes to the repository\n   merge     Join two or more development histories together\n   rebase    Reapply commits on top of another base tip\n   reset     Reset current HEAD to the specified state\n   switch    Switch branches\n   tag       Create, list, delete or verify a tag object signed with GPG\n\ncollaborate (see also: git help workflows)\n   fetch     Download objects and refs from another repository\n   pull      Fetch from and integrate with another repository or a local branch\n   push      Update remote refs along with associated objects\n\n'git help -a' and 'git help -g' list available subcommands and some\nconcept guides. See 'git help <command>' or 'git help <concept>'\nto read about a specific subcommand or concept.\nSee 'git help git' for an overview of the system.\n""
12:13:20.215551 [debug] [MainThread]: STDERR: "b''"
12:13:20.215551 [debug] [MainThread]: Acquiring new postgres connection "debug"
12:13:20.215551 [debug] [MainThread]: Using postgres connection "debug"
12:13:20.215551 [debug] [MainThread]: On debug: select 1 as id
12:13:20.215551 [debug] [MainThread]: Opening a new connection, currently in state init
12:13:20.245437 [debug] [MainThread]: SQL status: SELECT 1 in 0.03 seconds
12:13:20.245437 [debug] [MainThread]: On debug: Close
12:13:20.246449 [debug] [MainThread]: Sending event: {'category': 'dbt', 'action': 'invocation', 'label': 'end', 'context': [<snowplow_tracker.self_describing_json.SelfDescribingJson object at 0x0000023255A27820>, <snowplow_tracker.self_describing_json.SelfDescribingJson object at 0x0000023255A27A00>, <snowplow_tracker.self_describing_json.SelfDescribingJson object at 0x0000023255A279D0>]}
12:13:22.286937 [debug] [MainThread]: Connection 'debug' was properly closed.


============================== 2022-09-01 12:13:28.960987 | 5a75fe31-f876-41c0-a40c-c4f868bb3be5 ==============================
12:13:28.960987 [info ] [MainThread]: Running with dbt=1.1.2
12:13:28.962005 [debug] [MainThread]: running dbt with arguments {'write_json': True, 'use_colors': True, 'printer_width': 80, 'version_check': True, 'partial_parse': True, 'static_parser': True, 'profiles_dir': 'C:\\Users\\NandiniBagga\\.dbt', 'send_anonymous_usage_stats': True, 'event_buffer_size': 100000, 'quiet': False, 'no_print': False, 'which': 'run', 'rpc_method': 'run', 'indirect_selection': 'eager'}
12:13:28.962005 [debug] [MainThread]: Tracking: tracking
12:13:28.962005 [debug] [MainThread]: Sending event: {'category': 'dbt', 'action': 'invocation', 'label': 'start', 'context': [<snowplow_tracker.self_describing_json.SelfDescribingJson object at 0x000001DAACED6DC0>, <snowplow_tracker.self_describing_json.SelfDescribingJson object at 0x000001DAACED6E50>, <snowplow_tracker.self_describing_json.SelfDescribingJson object at 0x000001DAACED6E80>]}
12:13:28.969295 [info ] [MainThread]: Partial parse save file not found. Starting full parse.
12:13:28.970295 [debug] [MainThread]: Sending event: {'category': 'dbt', 'action': 'partial_parser', 'label': '5a75fe31-f876-41c0-a40c-c4f868bb3be5', 'context': [<snowplow_tracker.self_describing_json.SelfDescribingJson object at 0x000001DAACEEEDC0>]}
12:13:28.993868 [debug] [MainThread]: Parsing macros\adapters.sql
12:13:29.013528 [debug] [MainThread]: Parsing macros\catalog.sql
12:13:29.015501 [debug] [MainThread]: Parsing macros\relations.sql
12:13:29.016489 [debug] [MainThread]: Parsing macros\materializations\snapshot_merge.sql
12:13:29.017988 [debug] [MainThread]: Parsing macros\adapters\columns.sql
12:13:29.025952 [debug] [MainThread]: Parsing macros\adapters\freshness.sql
12:13:29.028471 [debug] [MainThread]: Parsing macros\adapters\indexes.sql
12:13:29.031047 [debug] [MainThread]: Parsing macros\adapters\metadata.sql
12:13:29.036887 [debug] [MainThread]: Parsing macros\adapters\persist_docs.sql
12:13:29.040375 [debug] [MainThread]: Parsing macros\adapters\relation.sql
12:13:29.049505 [debug] [MainThread]: Parsing macros\adapters\schema.sql
12:13:29.051587 [debug] [MainThread]: Parsing macros\etc\datetime.sql
12:13:29.058196 [debug] [MainThread]: Parsing macros\etc\statement.sql
12:13:29.062338 [debug] [MainThread]: Parsing macros\generic_test_sql\accepted_values.sql
12:13:29.063483 [debug] [MainThread]: Parsing macros\generic_test_sql\not_null.sql
12:13:29.064096 [debug] [MainThread]: Parsing macros\generic_test_sql\relationships.sql
12:13:29.064710 [debug] [MainThread]: Parsing macros\generic_test_sql\unique.sql
12:13:29.065280 [debug] [MainThread]: Parsing macros\get_custom_name\get_custom_alias.sql
12:13:29.066290 [debug] [MainThread]: Parsing macros\get_custom_name\get_custom_database.sql
12:13:29.067373 [debug] [MainThread]: Parsing macros\get_custom_name\get_custom_schema.sql
12:13:29.069288 [debug] [MainThread]: Parsing macros\materializations\configs.sql
12:13:29.071877 [debug] [MainThread]: Parsing macros\materializations\hooks.sql
12:13:29.075660 [debug] [MainThread]: Parsing macros\materializations\models\incremental\column_helpers.sql
12:13:29.079160 [debug] [MainThread]: Parsing macros\materializations\models\incremental\incremental.sql
12:13:29.087162 [debug] [MainThread]: Parsing macros\materializations\models\incremental\is_incremental.sql
12:13:29.088321 [debug] [MainThread]: Parsing macros\materializations\models\incremental\merge.sql
12:13:29.099272 [debug] [MainThread]: Parsing macros\materializations\models\incremental\on_schema_change.sql
12:13:29.110641 [debug] [MainThread]: Parsing macros\materializations\models\table\create_table_as.sql
12:13:29.112643 [debug] [MainThread]: Parsing macros\materializations\models\table\table.sql
12:13:29.118640 [debug] [MainThread]: Parsing macros\materializations\models\view\create_or_replace_view.sql
12:13:29.120349 [debug] [MainThread]: Parsing macros\materializations\models\view\create_view_as.sql
12:13:29.122349 [debug] [MainThread]: Parsing macros\materializations\models\view\helpers.sql
12:13:29.123350 [debug] [MainThread]: Parsing macros\materializations\models\view\view.sql
12:13:29.128352 [debug] [MainThread]: Parsing macros\materializations\seeds\helpers.sql
12:13:29.140574 [debug] [MainThread]: Parsing macros\materializations\seeds\seed.sql
12:13:29.145574 [debug] [MainThread]: Parsing macros\materializations\snapshots\helpers.sql
12:13:29.155182 [debug] [MainThread]: Parsing macros\materializations\snapshots\snapshot.sql
12:13:29.163182 [debug] [MainThread]: Parsing macros\materializations\snapshots\snapshot_merge.sql
12:13:29.165288 [debug] [MainThread]: Parsing macros\materializations\snapshots\strategies.sql
12:13:29.178350 [debug] [MainThread]: Parsing macros\materializations\tests\helpers.sql
12:13:29.179365 [debug] [MainThread]: Parsing macros\materializations\tests\test.sql
12:13:29.182991 [debug] [MainThread]: Parsing macros\materializations\tests\where_subquery.sql
12:13:29.184991 [debug] [MainThread]: Parsing tests\generic\builtin.sql
12:13:29.356504 [debug] [MainThread]: 1699: static parser successfully parsed example\my_first_dbt_model.sql
12:13:29.366108 [debug] [MainThread]: 1699: static parser successfully parsed example\my_second_dbt_model.sql
12:13:29.405270 [debug] [MainThread]: Sending event: {'category': 'dbt', 'action': 'load_project', 'label': '5a75fe31-f876-41c0-a40c-c4f868bb3be5', 'context': [<snowplow_tracker.self_describing_json.SelfDescribingJson object at 0x000001DAABA10430>]}
12:13:29.410493 [debug] [MainThread]: Sending event: {'category': 'dbt', 'action': 'resource_counts', 'label': '5a75fe31-f876-41c0-a40c-c4f868bb3be5', 'context': [<snowplow_tracker.self_describing_json.SelfDescribingJson object at 0x000001DAACEC5FD0>]}
12:13:29.410493 [info ] [MainThread]: Found 2 models, 4 tests, 0 snapshots, 0 analyses, 167 macros, 0 operations, 0 seed files, 0 sources, 0 exposures, 0 metrics
12:13:29.410493 [debug] [MainThread]: Sending event: {'category': 'dbt', 'action': 'runnable_timing', 'label': '5a75fe31-f876-41c0-a40c-c4f868bb3be5', 'context': [<snowplow_tracker.self_describing_json.SelfDescribingJson object at 0x000001DAABA10610>]}
12:13:29.411534 [info ] [MainThread]: 
12:13:29.412687 [debug] [MainThread]: Acquiring new postgres connection "master"
12:13:29.413725 [debug] [ThreadPool]: Acquiring new postgres connection "list_postgres"
12:13:29.420758 [debug] [ThreadPool]: Using postgres connection "list_postgres"
12:13:29.420758 [debug] [ThreadPool]: On list_postgres: /* {"app": "dbt", "dbt_version": "1.1.2", "profile_name": "postgres_dbt_new", "target_name": "dev", "connection_name": "list_postgres"} */

    select distinct nspname from pg_namespace
  
12:13:29.420758 [debug] [ThreadPool]: Opening a new connection, currently in state init
12:13:29.454379 [debug] [ThreadPool]: SQL status: SELECT 40 in 0.03 seconds
12:13:29.455470 [debug] [ThreadPool]: On list_postgres: Close
12:13:29.457550 [debug] [ThreadPool]: Acquiring new postgres connection "list_postgres_public"
12:13:29.462172 [debug] [ThreadPool]: Using postgres connection "list_postgres_public"
12:13:29.462172 [debug] [ThreadPool]: On list_postgres_public: BEGIN
12:13:29.462172 [debug] [ThreadPool]: Opening a new connection, currently in state init
12:13:29.490367 [debug] [ThreadPool]: SQL status: BEGIN in 0.03 seconds
12:13:29.490367 [debug] [ThreadPool]: Using postgres connection "list_postgres_public"
12:13:29.490367 [debug] [ThreadPool]: On list_postgres_public: /* {"app": "dbt", "dbt_version": "1.1.2", "profile_name": "postgres_dbt_new", "target_name": "dev", "connection_name": "list_postgres_public"} */
select
      'postgres' as database,
      tablename as name,
      schemaname as schema,
      'table' as type
    from pg_tables
    where schemaname ilike 'public'
    union all
    select
      'postgres' as database,
      viewname as name,
      schemaname as schema,
      'view' as type
    from pg_views
    where schemaname ilike 'public'
  
12:13:29.496010 [debug] [ThreadPool]: SQL status: SELECT 67 in 0.01 seconds
12:13:29.498083 [debug] [ThreadPool]: On list_postgres_public: ROLLBACK
12:13:29.499012 [debug] [ThreadPool]: On list_postgres_public: Close
12:13:29.502937 [debug] [MainThread]: Using postgres connection "master"
12:13:29.502937 [debug] [MainThread]: On master: BEGIN
12:13:29.502937 [debug] [MainThread]: Opening a new connection, currently in state init
12:13:29.531110 [debug] [MainThread]: SQL status: BEGIN in 0.03 seconds
12:13:29.531110 [debug] [MainThread]: Using postgres connection "master"
12:13:29.531110 [debug] [MainThread]: On master: /* {"app": "dbt", "dbt_version": "1.1.2", "profile_name": "postgres_dbt_new", "target_name": "dev", "connection_name": "master"} */
with relation as (
        select
            pg_rewrite.ev_class as class,
            pg_rewrite.oid as id
        from pg_rewrite
    ),
    class as (
        select
            oid as id,
            relname as name,
            relnamespace as schema,
            relkind as kind
        from pg_class
    ),
    dependency as (
        select distinct
            pg_depend.objid as id,
            pg_depend.refobjid as ref
        from pg_depend
    ),
    schema as (
        select
            pg_namespace.oid as id,
            pg_namespace.nspname as name
        from pg_namespace
        where nspname != 'information_schema' and nspname not like 'pg\_%'
    ),
    referenced as (
        select
            relation.id AS id,
            referenced_class.name ,
            referenced_class.schema ,
            referenced_class.kind
        from relation
        join class as referenced_class on relation.class=referenced_class.id
        where referenced_class.kind in ('r', 'v')
    ),
    relationships as (
        select
            referenced.name as referenced_name,
            referenced.schema as referenced_schema_id,
            dependent_class.name as dependent_name,
            dependent_class.schema as dependent_schema_id,
            referenced.kind as kind
        from referenced
        join dependency on referenced.id=dependency.id
        join class as dependent_class on dependency.ref=dependent_class.id
        where
            (referenced.name != dependent_class.name or
             referenced.schema != dependent_class.schema)
    )

    select
        referenced_schema.name as referenced_schema,
        relationships.referenced_name as referenced_name,
        dependent_schema.name as dependent_schema,
        relationships.dependent_name as dependent_name
    from relationships
    join schema as dependent_schema on relationships.dependent_schema_id=dependent_schema.id
    join schema as referenced_schema on relationships.referenced_schema_id=referenced_schema.id
    group by referenced_schema, referenced_name, dependent_schema, dependent_name
    order by referenced_schema, referenced_name, dependent_schema, dependent_name;
12:13:29.605818 [debug] [MainThread]: SQL status: SELECT 1 in 0.07 seconds
12:13:29.606903 [debug] [MainThread]: Sending event: {'category': 'dbt', 'action': 'runnable_timing', 'label': '5a75fe31-f876-41c0-a40c-c4f868bb3be5', 'context': [<snowplow_tracker.self_describing_json.SelfDescribingJson object at 0x000001DAACF52880>]}
12:13:29.606903 [debug] [MainThread]: On master: ROLLBACK
12:13:29.607866 [debug] [MainThread]: Using postgres connection "master"
12:13:29.607866 [debug] [MainThread]: On master: BEGIN
12:13:29.608817 [debug] [MainThread]: SQL status: BEGIN in 0.0 seconds
12:13:29.608817 [debug] [MainThread]: On master: COMMIT
12:13:29.608817 [debug] [MainThread]: Using postgres connection "master"
12:13:29.608817 [debug] [MainThread]: On master: COMMIT
12:13:29.609866 [debug] [MainThread]: SQL status: COMMIT in 0.0 seconds
12:13:29.609866 [debug] [MainThread]: On master: Close
12:13:29.609866 [info ] [MainThread]: Concurrency: 1 threads (target='dev')
12:13:29.610817 [info ] [MainThread]: 
12:13:29.615618 [debug] [Thread-1  ]: Began running node model.postgres_dbt_new.my_first_dbt_model
12:13:29.615618 [info ] [Thread-1  ]: 1 of 2 START table model public.my_first_dbt_model ............................. [RUN]
12:13:29.616623 [debug] [Thread-1  ]: Acquiring new postgres connection "model.postgres_dbt_new.my_first_dbt_model"
12:13:29.616623 [debug] [Thread-1  ]: Began compiling node model.postgres_dbt_new.my_first_dbt_model
12:13:29.616623 [debug] [Thread-1  ]: Compiling model.postgres_dbt_new.my_first_dbt_model
12:13:29.618697 [debug] [Thread-1  ]: Writing injected SQL for node "model.postgres_dbt_new.my_first_dbt_model"
12:13:29.619711 [debug] [Thread-1  ]: finished collecting timing info
12:13:29.620617 [debug] [Thread-1  ]: Began executing node model.postgres_dbt_new.my_first_dbt_model
12:13:29.641897 [debug] [Thread-1  ]: Writing runtime SQL for node "model.postgres_dbt_new.my_first_dbt_model"
12:13:29.643165 [debug] [Thread-1  ]: Using postgres connection "model.postgres_dbt_new.my_first_dbt_model"
12:13:29.643165 [debug] [Thread-1  ]: On model.postgres_dbt_new.my_first_dbt_model: BEGIN
12:13:29.643165 [debug] [Thread-1  ]: Opening a new connection, currently in state init
12:13:29.672040 [debug] [Thread-1  ]: SQL status: BEGIN in 0.03 seconds
12:13:29.672040 [debug] [Thread-1  ]: Using postgres connection "model.postgres_dbt_new.my_first_dbt_model"
12:13:29.672040 [debug] [Thread-1  ]: On model.postgres_dbt_new.my_first_dbt_model: /* {"app": "dbt", "dbt_version": "1.1.2", "profile_name": "postgres_dbt_new", "target_name": "dev", "node_id": "model.postgres_dbt_new.my_first_dbt_model"} */


  create  table "postgres"."public"."my_first_dbt_model__dbt_tmp"
  as (
    /*
    Welcome to your first dbt model!
    Did you know that you can also configure models directly within SQL files?
    This will override configurations stated in dbt_project.yml

    Try changing "table" to "view" below
*/



with source_data as (

    select 1 as id
    union all
    select null as id

)

select *
from source_data

/*
    Uncomment the line below to remove records with null `id` values
*/

-- where id is not null
  );
12:13:29.675810 [debug] [Thread-1  ]: SQL status: SELECT 2 in 0.0 seconds
12:13:29.680619 [debug] [Thread-1  ]: Using postgres connection "model.postgres_dbt_new.my_first_dbt_model"
12:13:29.680619 [debug] [Thread-1  ]: On model.postgres_dbt_new.my_first_dbt_model: /* {"app": "dbt", "dbt_version": "1.1.2", "profile_name": "postgres_dbt_new", "target_name": "dev", "node_id": "model.postgres_dbt_new.my_first_dbt_model"} */
alter table "postgres"."public"."my_first_dbt_model" rename to "my_first_dbt_model__dbt_backup"
12:13:29.681545 [debug] [Thread-1  ]: SQL status: ALTER TABLE in 0.0 seconds
12:13:29.682617 [debug] [Thread-1  ]: Using postgres connection "model.postgres_dbt_new.my_first_dbt_model"
12:13:29.682617 [debug] [Thread-1  ]: On model.postgres_dbt_new.my_first_dbt_model: /* {"app": "dbt", "dbt_version": "1.1.2", "profile_name": "postgres_dbt_new", "target_name": "dev", "node_id": "model.postgres_dbt_new.my_first_dbt_model"} */
alter table "postgres"."public"."my_first_dbt_model__dbt_tmp" rename to "my_first_dbt_model"
12:13:29.683618 [debug] [Thread-1  ]: SQL status: ALTER TABLE in 0.0 seconds
12:13:29.691617 [debug] [Thread-1  ]: On model.postgres_dbt_new.my_first_dbt_model: COMMIT
12:13:29.691617 [debug] [Thread-1  ]: Using postgres connection "model.postgres_dbt_new.my_first_dbt_model"
12:13:29.691617 [debug] [Thread-1  ]: On model.postgres_dbt_new.my_first_dbt_model: COMMIT
12:13:29.693557 [debug] [Thread-1  ]: SQL status: COMMIT in 0.0 seconds
12:13:29.696559 [debug] [Thread-1  ]: Using postgres connection "model.postgres_dbt_new.my_first_dbt_model"
12:13:29.696559 [debug] [Thread-1  ]: On model.postgres_dbt_new.my_first_dbt_model: /* {"app": "dbt", "dbt_version": "1.1.2", "profile_name": "postgres_dbt_new", "target_name": "dev", "node_id": "model.postgres_dbt_new.my_first_dbt_model"} */
drop table if exists "postgres"."public"."my_first_dbt_model__dbt_backup" cascade
12:13:29.700143 [debug] [Thread-1  ]: SQL status: DROP TABLE in 0.0 seconds
12:13:29.700143 [debug] [Thread-1  ]: finished collecting timing info
12:13:29.701153 [debug] [Thread-1  ]: On model.postgres_dbt_new.my_first_dbt_model: Close
12:13:29.701153 [debug] [Thread-1  ]: Sending event: {'category': 'dbt', 'action': 'run_model', 'label': '5a75fe31-f876-41c0-a40c-c4f868bb3be5', 'context': [<snowplow_tracker.self_describing_json.SelfDescribingJson object at 0x000001DAACFA1940>]}
12:13:29.701153 [info ] [Thread-1  ]: 1 of 2 OK created table model public.my_first_dbt_model ........................ [[32mSELECT 2[0m in 0.08s]
12:13:29.702154 [debug] [Thread-1  ]: Finished running node model.postgres_dbt_new.my_first_dbt_model
12:13:29.703153 [debug] [Thread-1  ]: Began running node model.postgres_dbt_new.my_second_dbt_model
12:13:29.703153 [info ] [Thread-1  ]: 2 of 2 START view model public.my_second_dbt_model ............................. [RUN]
12:13:29.703153 [debug] [Thread-1  ]: Acquiring new postgres connection "model.postgres_dbt_new.my_second_dbt_model"
12:13:29.703153 [debug] [Thread-1  ]: Began compiling node model.postgres_dbt_new.my_second_dbt_model
12:13:29.704153 [debug] [Thread-1  ]: Compiling model.postgres_dbt_new.my_second_dbt_model
12:13:29.706155 [debug] [Thread-1  ]: Writing injected SQL for node "model.postgres_dbt_new.my_second_dbt_model"
12:13:29.706155 [debug] [Thread-1  ]: finished collecting timing info
12:13:29.706155 [debug] [Thread-1  ]: Began executing node model.postgres_dbt_new.my_second_dbt_model
12:13:29.720452 [debug] [Thread-1  ]: Writing runtime SQL for node "model.postgres_dbt_new.my_second_dbt_model"
12:13:29.721452 [debug] [Thread-1  ]: Using postgres connection "model.postgres_dbt_new.my_second_dbt_model"
12:13:29.721452 [debug] [Thread-1  ]: On model.postgres_dbt_new.my_second_dbt_model: BEGIN
12:13:29.722450 [debug] [Thread-1  ]: Opening a new connection, currently in state closed
12:13:29.751109 [debug] [Thread-1  ]: SQL status: BEGIN in 0.03 seconds
12:13:29.751109 [debug] [Thread-1  ]: Using postgres connection "model.postgres_dbt_new.my_second_dbt_model"
12:13:29.751109 [debug] [Thread-1  ]: On model.postgres_dbt_new.my_second_dbt_model: /* {"app": "dbt", "dbt_version": "1.1.2", "profile_name": "postgres_dbt_new", "target_name": "dev", "node_id": "model.postgres_dbt_new.my_second_dbt_model"} */

  create view "postgres"."public"."my_second_dbt_model__dbt_tmp" as (
    -- Use the `ref` function to select from other models

select *
from "postgres"."public"."my_first_dbt_model"
where id = 1
  );
12:13:29.755151 [debug] [Thread-1  ]: SQL status: CREATE VIEW in 0.0 seconds
12:13:29.756154 [debug] [Thread-1  ]: Using postgres connection "model.postgres_dbt_new.my_second_dbt_model"
12:13:29.756154 [debug] [Thread-1  ]: On model.postgres_dbt_new.my_second_dbt_model: /* {"app": "dbt", "dbt_version": "1.1.2", "profile_name": "postgres_dbt_new", "target_name": "dev", "node_id": "model.postgres_dbt_new.my_second_dbt_model"} */
alter table "postgres"."public"."my_second_dbt_model__dbt_tmp" rename to "my_second_dbt_model"
12:13:29.757650 [debug] [Thread-1  ]: SQL status: ALTER TABLE in 0.0 seconds
12:13:29.757650 [debug] [Thread-1  ]: On model.postgres_dbt_new.my_second_dbt_model: COMMIT
12:13:29.758658 [debug] [Thread-1  ]: Using postgres connection "model.postgres_dbt_new.my_second_dbt_model"
12:13:29.758658 [debug] [Thread-1  ]: On model.postgres_dbt_new.my_second_dbt_model: COMMIT
12:13:29.759948 [debug] [Thread-1  ]: SQL status: COMMIT in 0.0 seconds
12:13:29.760956 [debug] [Thread-1  ]: Using postgres connection "model.postgres_dbt_new.my_second_dbt_model"
12:13:29.760956 [debug] [Thread-1  ]: On model.postgres_dbt_new.my_second_dbt_model: /* {"app": "dbt", "dbt_version": "1.1.2", "profile_name": "postgres_dbt_new", "target_name": "dev", "node_id": "model.postgres_dbt_new.my_second_dbt_model"} */
drop view if exists "postgres"."public"."my_second_dbt_model__dbt_backup" cascade
12:13:29.761648 [debug] [Thread-1  ]: SQL status: DROP VIEW in 0.0 seconds
12:13:29.761648 [debug] [Thread-1  ]: finished collecting timing info
12:13:29.762650 [debug] [Thread-1  ]: On model.postgres_dbt_new.my_second_dbt_model: Close
12:13:29.762650 [debug] [Thread-1  ]: Sending event: {'category': 'dbt', 'action': 'run_model', 'label': '5a75fe31-f876-41c0-a40c-c4f868bb3be5', 'context': [<snowplow_tracker.self_describing_json.SelfDescribingJson object at 0x000001DAAD096460>]}
12:13:29.762650 [info ] [Thread-1  ]: 2 of 2 OK created view model public.my_second_dbt_model ........................ [[32mCREATE VIEW[0m in 0.06s]
12:13:29.763650 [debug] [Thread-1  ]: Finished running node model.postgres_dbt_new.my_second_dbt_model
12:13:29.764651 [debug] [MainThread]: Acquiring new postgres connection "master"
12:13:29.764651 [debug] [MainThread]: Using postgres connection "master"
12:13:29.764651 [debug] [MainThread]: On master: BEGIN
12:13:29.765690 [debug] [MainThread]: Opening a new connection, currently in state closed
12:13:29.796032 [debug] [MainThread]: SQL status: BEGIN in 0.03 seconds
12:13:29.796032 [debug] [MainThread]: On master: COMMIT
12:13:29.796032 [debug] [MainThread]: Using postgres connection "master"
12:13:29.796032 [debug] [MainThread]: On master: COMMIT
12:13:29.797163 [debug] [MainThread]: SQL status: COMMIT in 0.0 seconds
12:13:29.797163 [debug] [MainThread]: On master: Close
12:13:29.797163 [info ] [MainThread]: 
12:13:29.797163 [info ] [MainThread]: Finished running 1 table model, 1 view model in 0.38s.
12:13:29.798173 [debug] [MainThread]: Connection 'master' was properly closed.
12:13:29.798173 [debug] [MainThread]: Connection 'list_postgres' was properly closed.
12:13:29.798173 [debug] [MainThread]: Connection 'list_postgres_public' was properly closed.
12:13:29.798173 [debug] [MainThread]: Connection 'model.postgres_dbt_new.my_second_dbt_model' was properly closed.
12:13:29.802496 [info ] [MainThread]: 
12:13:29.802496 [info ] [MainThread]: [32mCompleted successfully[0m
12:13:29.802496 [info ] [MainThread]: 
12:13:29.803526 [info ] [MainThread]: Done. PASS=2 WARN=0 ERROR=0 SKIP=0 TOTAL=2
12:13:29.803526 [debug] [MainThread]: Sending event: {'category': 'dbt', 'action': 'invocation', 'label': 'end', 'context': [<snowplow_tracker.self_describing_json.SelfDescribingJson object at 0x000001DAAD0A2490>, <snowplow_tracker.self_describing_json.SelfDescribingJson object at 0x000001DAAD038F10>, <snowplow_tracker.self_describing_json.SelfDescribingJson object at 0x000001DAABA101F0>]}
